<?xml version="1.0" encoding="UTF-8"?>
<testng-results ignored="0" total="1" passed="1" failed="0" skipped="0">
  <reporter-output>
  </reporter-output>
  <suite started-at="2022-10-17T16:46:35 IST" name="Default suite" finished-at="2022-10-17T16:47:19 IST" duration-ms="44121">
    <groups>
    </groups>
    <test started-at="2022-10-17T16:46:35 IST" name="Default test" finished-at="2022-10-17T16:47:19 IST" duration-ms="44121">
      <class name="com.dummy.demo.PlayersRankingOfWomensTeamInICC">
        <test-method signature="findPlayersTeamOfWomens()[pri:0, instance:com.dummy.demo.PlayersRankingOfWomensTeamInICC@2df9b86]" started-at="2022-10-17T16:46:35 IST" name="findPlayersTeamOfWomens" finished-at="2022-10-17T16:47:19 IST" duration-ms="43994" status="PASS">
          <reporter-output>
          </reporter-output>
        </test-method> <!-- findPlayersTeamOfWomens -->
      </class> <!-- com.dummy.demo.PlayersRankingOfWomensTeamInICC -->
    </test> <!-- Default test -->
  </suite> <!-- Default suite -->
</testng-results>
