<?xml version="1.0" encoding="UTF-8"?>
<testng-results ignored="0" total="1" passed="1" failed="0" skipped="0">
  <reporter-output>
  </reporter-output>
  <suite started-at="2022-10-25T21:54:33 IST" name="Default suite" finished-at="2022-10-25T22:04:01 IST" duration-ms="567721">
    <groups>
    </groups>
    <test started-at="2022-10-25T21:54:33 IST" name="Default test" finished-at="2022-10-25T22:04:01 IST" duration-ms="567721">
      <class name="com.dummy.demo.FlexibusBookingModified">
        <test-method signature="flixBusBookingForTripText()[pri:0, instance:com.dummy.demo.FlexibusBookingModified@7ea9e1e2]" started-at="2022-10-25T21:54:33 IST" name="flixBusBookingForTripText" finished-at="2022-10-25T22:04:01 IST" duration-ms="567663" status="PASS">
          <reporter-output>
          </reporter-output>
        </test-method> <!-- flixBusBookingForTripText -->
      </class> <!-- com.dummy.demo.FlexibusBookingModified -->
    </test> <!-- Default test -->
  </suite> <!-- Default suite -->
</testng-results>
